fireflyApi/build/intermediates/manifest_merge_blame_file/debug/manifest-merger-blame-debug-report.txt
1<?xml version="1.0" encoding="utf-8"?>
2<manifest xmlns:android="http://schemas.android.com/apk/res/android"
3    xmlns:tools="http://schemas.android.com/tools"
4    package="com.firefly.fireflyapidemo" >
5
6    <uses-sdk
7        android:minSdkVersion="19"
7-->src\main\AndroidManifest.xml
8        android:targetSdkVersion="28" />
8-->src\main\AndroidManifest.xml
9
10    <uses-permission android:name="android.permission.READ_EXTERNAL_STORAGE" />
10-->src\main\AndroidManifest.xml:6:5-80
10-->src\main\AndroidManifest.xml:6:22-77
11    <uses-permission android:name="android.permission.WRITE_EXTERNAL_STORAGE" />
11-->src\main\AndroidManifest.xml:7:5-81
11-->src\main\AndroidManifest.xml:7:22-78
12
13    <application
13-->src\main\AndroidManifest.xml:8:5-34:19
14        android:allowBackup="true"
14-->src\main\AndroidManifest.xml:9:9-35
15        android:icon="@mipmap/ic_launcher"
15-->src\main\AndroidManifest.xml:10:9-43
16        android:label="@string/app_name"
16-->src\main\AndroidManifest.xml:11:9-41
17        android:roundIcon="@mipmap/ic_launcher_round"
17-->src\main\AndroidManifest.xml:12:9-54
18        android:supportsRtl="true"
18-->src\main\AndroidManifest.xml:13:9-35
19        android:theme="@style/AppTheme" >
19-->src\main\AndroidManifest.xml:14:9-40
20        <activity android:name="com.firefly.fireflyapidemo.MainActivity" >
20-->src\main\AndroidManifest.xml:15:9-21:20
20-->src\main\AndroidManifest.xml:15:19-47
21
22            <!--
23            <intent-filter>
24                <action android:name="android.intent.action.MAIN" />
25
26                <category android:name="android.intent.category.LAUNCHER" />
27            </intent-filter>
28            -->
29        </activity>
30        <activity android:name="com.firefly.fireflyapidemo.QrcodeActivity" />
30-->src\main\AndroidManifest.xml:23:9-51
30-->src\main\AndroidManifest.xml:23:19-49
31        <activity android:name="com.firefly.fireflyapidemo.RadarActivity" />
31-->src\main\AndroidManifest.xml:24:9-50
31-->src\main\AndroidManifest.xml:24:19-48
32        <activity android:name="com.firefly.fireflyapidemo.NFCActivity" />
32-->src\main\AndroidManifest.xml:25:9-48
32-->src\main\AndroidManifest.xml:25:19-46
33        <activity android:name="com.firefly.fireflyapidemo.LevelSignalActivity" />
33-->src\main\AndroidManifest.xml:26:9-56
33-->src\main\AndroidManifest.xml:26:19-54
34        <activity android:name="com.firefly.fireflyapidemo.RelayActivity" />
34-->src\main\AndroidManifest.xml:27:9-50
34-->src\main\AndroidManifest.xml:27:19-48
35        <activity android:name="com.firefly.fireflyapidemo.WiegandOutputActivity" />
35-->src\main\AndroidManifest.xml:28:9-58
35-->src\main\AndroidManifest.xml:28:19-56
36        <activity android:name="com.firefly.fireflyapidemo.Rs485AndRs232Activity" />
36-->src\main\AndroidManifest.xml:29:9-58
36-->src\main\AndroidManifest.xml:29:19-56
37        <activity android:name="com.firefly.fireflyapidemo.WiegandInputActivity" />
37-->src\main\AndroidManifest.xml:30:9-57
37-->src\main\AndroidManifest.xml:30:19-55
38        <activity android:name="com.firefly.fireflyapidemo.TempatureActivity" />
38-->src\main\AndroidManifest.xml:31:9-54
38-->src\main\AndroidManifest.xml:31:19-52
39        <activity android:name="com.firefly.fireflyapidemo.IDCardActivity" />
39-->src\main\AndroidManifest.xml:32:9-51
39-->src\main\AndroidManifest.xml:32:19-49
40        <activity android:name="com.firefly.fireflyapidemo.LedControlActivity" />
40-->src\main\AndroidManifest.xml:33:9-55
40-->src\main\AndroidManifest.xml:33:19-53
41    </application>
42
43</manifest>